ACDB_BLKREFOBJECTCONTEXTDATA_CLASS: 0x5EEC77 (417) test/test-data/2010/ACI_20160321_A_30_east.dxf:
010000010011000110011001011111010110010111000111101001101110100110111010100000000110011001110000100000101010100010101111100011111101111010100000010000000000000000000000000000000000000000000000000000100000001000000000000000000000000000000000000000000000000000000000100000001000000000000000000000000000000000000000000000000000000000100000001000000010000000010000110101111011101100011101100101001000000001001111001111111

[hdloff, strsize, commonsize, bitsize, hdlsize]=[364,0,45,40,71]
H330 4.3.5EEC76: 01000011010111101110110001110110 fixed = [355,386]
H330 4.3.5EEC76: 01000011010111101110110001110110 Ignored overlap  fixed = [355,386]
BS70 4: 0100000100 fixed = [1,10]
B290 1: 0 306 positions
H340 5.2.13C: 010100100000000100111100 fixed = [387,410]
BD50 0.0: 10 56 positions
BD10 30163.31077259667: 001100110010111110101100101110001111010011011101001101110101000000 fixed = [14,79]
BD30 0.0: 10 56 positions
BD41 32.0: 000000000000000000000000000000000000000000000000000100 3 positions
BD42 32.0: 000000000000000000000000000000000000000000000000000100 3 positions
BD43 32.0: 000000000000000000000000000000000000000000000000000100 3 positions
distribute positions: BD41 BD42 BD43 

fixed = [[1,10],[14,79],[148,201],[214,267],[280,333],[355,386],[387,410]]
sortd = [[1,10],[14,79],[148,201],[214,267],[280,333],[355,386],[355,386],[387,410]]

Definite result: 326/417	2010/ACI_20160321_A_30_east.dxf
----------------
FIELD_BS ([], 70);	// 4 [1,10]
HOLE([11,13],110) len = 3
FIELD_BD ([], 10);	// 30163.31077259667 [14,79]
HOLE([80,147],00110011001110000100000101010100010101111100011111101111010100000010) len = 68
FIELD_BD ([], 41);	// 32.0 [148,201]
HOLE([202,213],000001000000) len = 12
FIELD_BD ([], 42);	// 32.0 [214,267]
HOLE([268,279],000001000000) len = 12
FIELD_BD ([], 43);	// 32.0 [280,333]
HOLE([334,354],000001000000010000000) len = 21
FIELD_H (reactors[0], 330);	// 4.3.5EEC76 [355,386]
FIELD_H (ownerhandle, 330);	// 4.3.5EEC76 [355,386]
FIELD_H ([], 340);	// 5.2.13C [387,410]
HOLE([411,417],1111111) len = 7
----------------
Todo: 5 + 326 = 331, Missing: 86
FIELD_B ([], 290);	// 1 0 [[13,13],[80,80],[81,81],[84,84],[85,85],[88,88],[89,89],[93,93],[94,94],[95,95]]...)
FIELD_BD ([], 50);	// 0.0 10 [[12,13],[83,84],[87,88],[92,93],[97,98],[103,104],[105,106],[107,108],[109,110],[113,114]]...)
FIELD_BD ([], 30);	// 0.0 10 [[12,13],[83,84],[87,88],[92,93],[97,98],[103,104],[105,106],[107,108],[109,110],[113,114]]...)

Most probable result: (TODO)

ACDB_BLKREFOBJECTCONTEXTDATA_CLASS: 0x5EEAE7 (217) test/test-data/2010/ACI_20160321_A_30_east.dxf:
0100000100110001101000011100010000101101010100100111111001011011101110101000000000001100011110101011010010101101100011001110001001011110001000000100101010100000000100001101011110111010101110011001010001101101111111111

[hdloff, strsize, commonsize, bitsize, hdlsize]=[172,0,45,21,63]
H330 4.3.5EEAE6: 01000011010111101110101011100110 fixed = [163,194]
H330 4.3.5EEAE6: 01000011010111101110101011100110 Ignored overlap  fixed = [163,194]
BS70 4: 0100000100 fixed = [1,10]
B290 1: 0 114 positions
H340 5.1.B7: 0101000110110111 fixed = [195,210]
BD50 0.0: 10 54 positions
BD10 29876.99469539785: 001101000011100010000101101010100100111111001011011101110101000000 fixed = [14,79]
BD30 0.0: 10 54 positions
BD41 1.0: 01 55 positions
BD42 1.0: 01 55 positions
BD43 1.0: 01 55 positions

fixed = [[1,10],[14,79],[163,194],[195,210]]
sortd = [[1,10],[14,79],[163,194],[163,194],[195,210]]

Definite result: 156/217	2010/ACI_20160321_A_30_east.dxf
----------------
FIELD_BS ([], 70);	// 4 [1,10]
HOLE([11,13],110) len = 3
FIELD_BD ([], 10);	// 29876.99469539785 [14,79]
HOLE([80,162],00000110001111010101101001010110110001100111000100101111000100000010010101010000000) len = 83
FIELD_H (reactors[0], 330);	// 4.3.5EEAE6 [163,194]
FIELD_H (ownerhandle, 330);	// 4.3.5EEAE6 [163,194]
FIELD_H ([], 340);	// 5.1.B7 [195,210]
HOLE([211,217],1111111) len = 7
----------------
Todo: 11 + 156 = 167, Missing: 50
FIELD_B ([], 290);	// 1 0 [[13,13],[80,80],[81,81],[82,82],[83,83],[84,84],[87,87],[88,88],[89,89],[94,94]]...)
FIELD_BD ([], 50);	// 0.0 10 [[12,13],[86,87],[93,94],[95,96],[97,98],[100,101],[102,103],[105,106],[107,108],[110,111]]...)
FIELD_BD ([], 30);	// 0.0 10 [[12,13],[86,87],[93,94],[95,96],[97,98],[100,101],[102,103],[105,106],[107,108],[110,111]]...)
FIELD_BD ([], 41);	// 1.0 01 [[84,85],[89,90],[94,95],[96,97],[98,99],[101,102],[104,105],[106,107],[108,109],[111,112]]...)
FIELD_BD ([], 42);	// 1.0 01 [[84,85],[89,90],[94,95],[96,97],[98,99],[101,102],[104,105],[106,107],[108,109],[111,112]]...)
FIELD_BD ([], 43);	// 1.0 01 [[84,85],[89,90],[94,95],[96,97],[98,99],[101,102],[104,105],[106,107],[108,109],[111,112]]...)

Most probable result: (TODO)

ACDB_BLKREFOBJECTCONTEXTDATA_CLASS: 0x5EEC77 (416) test/test-data/2018/ACI_20160321_A_30_east.dxf:
01000001001100011001100101111101011001011100011110100110111010011011101010000000011001100111000010000010101010001010111110001111110111101010000001000000000000000000000000000000000000000000000000000010000000100000000000000000000000000000000000000000000000000000000010000000100000000000000000000000000000000000000000000000000000000010000000100000001000000001000011010111101110110001110110010100100000000100111100111111

[hdloff, strsize, commonsize, bitsize, hdlsize]=[364,0,46,41,70]
H330 4.3.5EEC76: 01000011010111101110110001110110 fixed = [355,386]
H330 4.3.5EEC76: 01000011010111101110110001110110 Ignored overlap  fixed = [355,386]
BS70 4: 0100000100 fixed = [1,10]
B290 1: 0 306 positions
H340 5.2.13C: 010100100000000100111100 fixed = [387,410]
BD50 0.0: 10 56 positions
BD10 30163.31077259667: 001100110010111110101100101110001111010011011101001101110101000000 fixed = [14,79]
BD30 0.0: 10 56 positions
BD41 32.0: 000000000000000000000000000000000000000000000000000100 3 positions
BD42 32.0: 000000000000000000000000000000000000000000000000000100 3 positions
BD43 32.0: 000000000000000000000000000000000000000000000000000100 3 positions
distribute positions: BD41 BD42 BD43 

fixed = [[1,10],[14,79],[148,201],[214,267],[280,333],[355,386],[387,410]]
sortd = [[1,10],[14,79],[148,201],[214,267],[280,333],[355,386],[355,386],[387,410]]

Definite result: 326/416	2018/ACI_20160321_A_30_east.dxf
----------------
FIELD_BS ([], 70);	// 4 [1,10]
HOLE([11,13],110) len = 3
FIELD_BD ([], 10);	// 30163.31077259667 [14,79]
HOLE([80,147],00110011001110000100000101010100010101111100011111101111010100000010) len = 68
FIELD_BD ([], 41);	// 32.0 [148,201]
HOLE([202,213],000001000000) len = 12
FIELD_BD ([], 42);	// 32.0 [214,267]
HOLE([268,279],000001000000) len = 12
FIELD_BD ([], 43);	// 32.0 [280,333]
HOLE([334,354],000001000000010000000) len = 21
FIELD_H (reactors[0], 330);	// 4.3.5EEC76 [355,386]
FIELD_H (ownerhandle, 330);	// 4.3.5EEC76 [355,386]
FIELD_H ([], 340);	// 5.2.13C [387,410]
HOLE([411,416],111111) len = 6
----------------
Todo: 5 + 326 = 331, Missing: 85
FIELD_B ([], 290);	// 1 0 [[13,13],[80,80],[81,81],[84,84],[85,85],[88,88],[89,89],[93,93],[94,94],[95,95]]...)
FIELD_BD ([], 50);	// 0.0 10 [[12,13],[83,84],[87,88],[92,93],[97,98],[103,104],[105,106],[107,108],[109,110],[113,114]]...)
FIELD_BD ([], 30);	// 0.0 10 [[12,13],[83,84],[87,88],[92,93],[97,98],[103,104],[105,106],[107,108],[109,110],[113,114]]...)

Most probable result: (TODO)

ACDB_BLKREFOBJECTCONTEXTDATA_CLASS: 0x5EEAE7 (216) test/test-data/2018/ACI_20160321_A_30_east.dxf:
010000010011000110100001110001000010110101010010011111100101101110111010100000000000110001111010101101001010110110001100111000100101111000100000010010101010000000010000110101111011101010111001100101000110110111111111

[hdloff, strsize, commonsize, bitsize, hdlsize]=[172,0,46,21,62]
H330 4.3.5EEAE6: 01000011010111101110101011100110 fixed = [163,194]
H330 4.3.5EEAE6: 01000011010111101110101011100110 Ignored overlap  fixed = [163,194]
BS70 4: 0100000100 fixed = [1,10]
B290 1: 0 114 positions
H340 5.1.B7: 0101000110110111 fixed = [195,210]
BD50 0.0: 10 54 positions
BD10 29876.99469539785: 001101000011100010000101101010100100111111001011011101110101000000 fixed = [14,79]
BD30 0.0: 10 54 positions
BD41 1.0: 01 55 positions
BD42 1.0: 01 55 positions
BD43 1.0: 01 55 positions

fixed = [[1,10],[14,79],[163,194],[195,210]]
sortd = [[1,10],[14,79],[163,194],[163,194],[195,210]]

Definite result: 156/216	2018/ACI_20160321_A_30_east.dxf
----------------
FIELD_BS ([], 70);	// 4 [1,10]
HOLE([11,13],110) len = 3
FIELD_BD ([], 10);	// 29876.99469539785 [14,79]
HOLE([80,162],00000110001111010101101001010110110001100111000100101111000100000010010101010000000) len = 83
FIELD_H (reactors[0], 330);	// 4.3.5EEAE6 [163,194]
FIELD_H (ownerhandle, 330);	// 4.3.5EEAE6 [163,194]
FIELD_H ([], 340);	// 5.1.B7 [195,210]
HOLE([211,216],111111) len = 6
----------------
Todo: 11 + 156 = 167, Missing: 49
FIELD_B ([], 290);	// 1 0 [[13,13],[80,80],[81,81],[82,82],[83,83],[84,84],[87,87],[88,88],[89,89],[94,94]]...)
FIELD_BD ([], 50);	// 0.0 10 [[12,13],[86,87],[93,94],[95,96],[97,98],[100,101],[102,103],[105,106],[107,108],[110,111]]...)
FIELD_BD ([], 30);	// 0.0 10 [[12,13],[86,87],[93,94],[95,96],[97,98],[100,101],[102,103],[105,106],[107,108],[110,111]]...)
FIELD_BD ([], 41);	// 1.0 01 [[84,85],[89,90],[94,95],[96,97],[98,99],[101,102],[104,105],[106,107],[108,109],[111,112]]...)
FIELD_BD ([], 42);	// 1.0 01 [[84,85],[89,90],[94,95],[96,97],[98,99],[101,102],[104,105],[106,107],[108,109],[111,112]]...)
FIELD_BD ([], 43);	// 1.0 01 [[84,85],[89,90],[94,95],[96,97],[98,99],[101,102],[104,105],[106,107],[108,109],[111,112]]...)

Most probable result: (TODO)

ACDB_BLKREFOBJECTCONTEXTDATA_CLASS: 0x46D (209) test/test-data/2004/Visualstyle.dxf:
01000000111100001011101001011011010001010001010100000010010001010001110010000000010111001111111000101010100000101011011000110001010100000010000001001010110000000010000100000010001101100010100100000000100000100

[hdloff, strsize, commonsize, bitsize, hdlsize]=[171,0,69,24,0]
H330 4.2.46C: 010000100000010001101100 fixed = [162,185]
H330 4.2.46C: 010000100000010001101100 Ignored overlap  fixed = [162,185]
BS70 3: 0100000011 fixed = [1,10]
B290 1: 0 136 positions
BD50 0.0: 10 50 positions
BD10 964.3132527036756: 000101110100101101101000101000101010000001001000101000111001000000 fixed = [14,79]
BD20 2097.210978209591: 001011100111111100010101010000010101101100011000101010000001000000 fixed = [80,145]
BD30 0.0: 10 50 positions
BD41 1.0: 01 50 positions
BD42 1.0: 01 50 positions
BD43 1.0: 01 50 positions

fixed = [[1,10],[14,79],[80,145],[162,185]]
sortd = [[1,10],[14,79],[80,145],[162,185],[162,185]]

Definite result: 190/209	2004/Visualstyle.dxf
----------------
FIELD_BS ([], 70);	// 3 [1,10]
HOLE([11,13],110) len = 3
FIELD_BD ([], 10);	// 964.3132527036756 [14,79]
FIELD_BD ([], 20);	// 2097.210978209591 [80,145]
HOLE([146,161],1001010110000000) len = 16
FIELD_H (reactors[0], 330);	// 4.2.46C [162,185]
FIELD_H (ownerhandle, 330);	// 4.2.46C [162,185]
HOLE([186,209],010100100000000100000100) len = 24
----------------
Todo: 11 + 190 = 201, Missing: 8
FIELD_B ([], 290);	// 1 0 [[13,13],[147,147],[148,148],[150,150],[152,152],[155,155],[156,156],[157,157],[158,158],[159,159]]...)
FIELD_BD ([], 50);	// 0.0 10 [[12,13],[146,147],[149,150],[151,152],[154,155],[187,188],[189,190],[192,193],[201,202],[207,208]]
FIELD_BD ([], 30);	// 0.0 10 [[12,13],[146,147],[149,150],[151,152],[154,155],[187,188],[189,190],[192,193],[201,202],[207,208]]
FIELD_BD ([], 41);	// 1.0 01 [[148,149],[150,151],[152,153],[186,187],[188,189],[191,192],[200,201],[206,207]]
FIELD_BD ([], 42);	// 1.0 01 [[148,149],[150,151],[152,153],[186,187],[188,189],[191,192],[200,201],[206,207]]
FIELD_BD ([], 43);	// 1.0 01 [[148,149],[150,151],[152,153],[186,187],[188,189],[191,192],[200,201],[206,207]]

Most probable result: (TODO)

ACDB_BLKREFOBJECTCONTEXTDATA_CLASS: 0x45D (209) test/test-data/2004/Visualstyle.dxf:
01000000111100011101000110010011011000010000011001011110010001110001011010000000010011010111011000110010011000100011101010011111110011100010000001001010110000000010000100000010001011100010100100000000100000100

[hdloff, strsize, commonsize, bitsize, hdlsize]=[171,0,69,24,0]
H330 4.2.45C: 010000100000010001011100 fixed = [162,185]
H330 4.2.45C: 010000100000010001011100 Ignored overlap  fixed = [162,185]
BS70 3: 0100000011 fixed = [1,10]
B290 1: 0 129 positions
BD50 0.0: 10 46 positions
BD30 0.0: 10 46 positions
BD41 1.0: 01 46 positions
BD42 1.0: 01 46 positions
BD43 1.0: 01 46 positions

fixed = [[1,10],[162,185]]
sortd = [[1,10],[162,185],[162,185]]

Definite result: 58/209	2004/Visualstyle.dxf
----------------
FIELD_BS ([], 70);	// 3 [1,10]
HOLE([11,161],1100011101000110010011011000010000011001011110010001110001011010000000010011010111011000110010011000100011101010011111110011100010000001001010110000000) len = 151
FIELD_H (reactors[0], 330);	// 4.2.45C [162,185]
FIELD_H (ownerhandle, 330);	// 4.2.45C [162,185]
HOLE([186,209],010100100000000100000100) len = 24
----------------
Todo: 11 + 58 = 69, Missing: 140
FIELD_B ([], 290);	// 1 0 [[13,13],[14,14],[15,15],[19,19],[21,21],[22,22],[23,23],[26,26],[27,27],[29,29]]...)
FIELD_BD ([], 50);	// 0.0 10 [[12,13],[18,19],[20,21],[25,26],[28,29],[32,33],[35,36],[40,41],[47,48],[50,51]]...)
FIELD_BD ([], 30);	// 0.0 10 [[12,13],[18,19],[20,21],[25,26],[28,29],[32,33],[35,36],[40,41],[47,48],[50,51]]...)
FIELD_BD ([], 41);	// 1.0 01 [[15,16],[19,20],[23,24],[27,28],[30,31],[33,34],[39,40],[45,46],[49,50],[51,52]]...)
FIELD_BD ([], 42);	// 1.0 01 [[15,16],[19,20],[23,24],[27,28],[30,31],[33,34],[39,40],[45,46],[49,50],[51,52]]...)
FIELD_BD ([], 43);	// 1.0 01 [[15,16],[19,20],[23,24],[27,28],[30,31],[33,34],[39,40],[45,46],[49,50],[51,52]]...)

Most probable result: (TODO)

ACDB_BLKREFOBJECTCONTEXTDATA_CLASS: 0x46D (216) test/test-data/2018/Visualstyle.dxf:
010000010011000010111010010110110100010100010101000000100100010100011100100000000101110011111110001010101000001010110110001100010101000000100000010010101010000000010000100000010001101100010100100000000100000100111111

[hdloff, strsize, commonsize, bitsize, hdlsize]=[164,0,38,20,62]
H330 4.2.46C: 010000100000010001101100 fixed = [163,186]
H330 4.2.46C: 010000100000010001101100 Ignored overlap  fixed = [163,186]
BS70 4: 0100000100 2 positions
B290 1: 0 138 positions
H340 5.2.104: 010100100000000100000100 fixed = [187,210]
BD50 0.0: 10 52 positions
BD10 964.3132527036756: 000101110100101101101000101000101010000001001000101000111001000000 fixed = [14,79]
BD20 2097.210978209591: 001011100111111100010101010000010101101100011000101010000001000000 fixed = [80,145]
BD30 0.0: 10 52 positions
BD41 1.0: 01 53 positions
BD42 1.0: 01 53 positions
BD43 1.0: 01 53 positions

fixed = [[14,79],[80,145],[163,186],[187,210]]
sortd = [[1,10],[14,79],[80,145],[163,186],[163,186],[187,210]]

Definite result: 214/216	2018/Visualstyle.dxf
----------------
FIELD_BS ([], 70);	// 4 [1,10]
HOLE([11,13],110) len = 3
FIELD_BD ([], 10);	// 964.3132527036756 [14,79]
FIELD_BD ([], 20);	// 2097.210978209591 [80,145]
HOLE([146,162],10010101010000000) len = 17
FIELD_H (reactors[0], 330);	// 4.2.46C [163,186]
FIELD_H (ownerhandle, 330);	// 4.2.46C [163,186]
FIELD_H ([], 340);	// 5.2.104 [187,210]
HOLE([211,216],111111) len = 6
----------------
Todo: 11 + 214 = 225, Missing: -9
FIELD_B ([], 290);	// 1 0 [[1,1],[3,3],[4,4],[5,5],[6,6],[7,7],[9,9],[10,10],[13,13],[147,147]]...)
FIELD_BD ([], 50);	// 0.0 10 [[2,3],[8,9],[12,13],[146,147],[149,150],[151,152],[153,154],[155,156]]
FIELD_BD ([], 30);	// 0.0 10 [[2,3],[8,9],[12,13],[146,147],[149,150],[151,152],[153,154],[155,156]]
FIELD_BD ([], 41);	// 1.0 01 [[1,2],[7,8],[10,11],[148,149],[150,151],[152,153],[154,155]]
FIELD_BD ([], 42);	// 1.0 01 [[1,2],[7,8],[10,11],[148,149],[150,151],[152,153],[154,155]]
FIELD_BD ([], 43);	// 1.0 01 [[1,2],[7,8],[10,11],[148,149],[150,151],[152,153],[154,155]]

Most probable result: (TODO)

ACDB_BLKREFOBJECTCONTEXTDATA_CLASS: 0x45D (216) test/test-data/2018/Visualstyle.dxf:
010000010011000111010001100100110110000100000110010111100100011100010110100000000100110101110110001100100110001000111010100111111100111000100000010010101010000000010000100000010001011100010100100000000100000100111111

[hdloff, strsize, commonsize, bitsize, hdlsize]=[164,0,38,20,62]
H330 4.2.45C: 010000100000010001011100 fixed = [163,186]
H330 4.2.45C: 010000100000010001011100 Ignored overlap  fixed = [163,186]
BS70 4: 0100000100 2 positions
B290 1: 0 131 positions
H340 5.2.104: 010100100000000100000100 fixed = [187,210]
BD50 0.0: 10 48 positions
BD30 0.0: 10 48 positions
BD41 1.0: 01 49 positions
BD42 1.0: 01 49 positions
BD43 1.0: 01 49 positions

fixed = [[163,186],[187,210]]
sortd = [[1,10],[163,186],[163,186],[187,210]]

Definite result: 82/216	2018/Visualstyle.dxf
----------------
FIELD_BS ([], 70);	// 4 [1,10]
HOLE([11,162],11000111010001100100110110000100000110010111100100011100010110100000000100110101110110001100100110001000111010100111111100111000100000010010101010000000) len = 152
FIELD_H (reactors[0], 330);	// 4.2.45C [163,186]
FIELD_H (ownerhandle, 330);	// 4.2.45C [163,186]
FIELD_H ([], 340);	// 5.2.104 [187,210]
HOLE([211,216],111111) len = 6
----------------
Todo: 11 + 82 = 93, Missing: 123
FIELD_B ([], 290);	// 1 0 [[1,1],[3,3],[4,4],[5,5],[6,6],[7,7],[9,9],[10,10],[13,13],[14,14]]...)
FIELD_BD ([], 50);	// 0.0 10 [[2,3],[8,9],[12,13],[18,19],[20,21],[25,26],[28,29],[32,33],[35,36],[40,41]]...)
FIELD_BD ([], 30);	// 0.0 10 [[2,3],[8,9],[12,13],[18,19],[20,21],[25,26],[28,29],[32,33],[35,36],[40,41]]...)
FIELD_BD ([], 41);	// 1.0 01 [[1,2],[7,8],[10,11],[15,16],[19,20],[23,24],[27,28],[30,31],[33,34],[39,40]]...)
FIELD_BD ([], 42);	// 1.0 01 [[1,2],[7,8],[10,11],[15,16],[19,20],[23,24],[27,28],[30,31],[33,34],[39,40]]...)
FIELD_BD ([], 43);	// 1.0 01 [[1,2],[7,8],[10,11],[15,16],[19,20],[23,24],[27,28],[30,31],[33,34],[39,40]]...)

Most probable result: (TODO)

