ACSH_HISTORY_CLASS: 0x2E4 (73) test/test-data/example_2007.dxf:
0100100001010001110101000000010001100000100000011001100100000001011100011

[hdloff, strsize, commonsize, bitsize, hdlsize]=[51,0,61,11,40]
H330 12.1.3: 1100000100000011 fixed = [34,49]
BL90 33: 0100100001 fixed = [1,10]
BL91 29: 0100011101 fixed = [11,20]
H360 8.0.0: 10000000 2 positions
BL92 1: 0100000001 2 positions
BS280 0: 10 15 positions
BS281 0: 10 15 positions

fixed = [[1,10],[11,20],[34,49]]
sortd = [[1,10],[11,20],[34,49]]

Definite result: 36/73	example_2007.dxf
----------------
FIELD_BL ([], 90);	// 33 [1,10]
FIELD_BL ([], 91);	// 29 [11,20]
HOLE([21,33],0100000001000) len = 13
FIELD_H (ownerhandle, 330);	// 12.1.3 [34,49]
HOLE([50,73],001100100000001011100011) len = 24
----------------
Todo: 22 + 36 = 58, Missing: 15
FIELD_H ([], 360);	// 8.0.0 10000000 [[22,29],[56,63]]
FIELD_BL ([], 92);	// 1 0100000001 [[21,30],[55,64]]
FIELD_BS ([], 280);	// 0 10 [[22,23],[30,31],[53,54],[56,57],[64,65],[68,69]]
FIELD_BS ([], 281);	// 0 10 [[22,23],[30,31],[53,54],[56,57],[64,65],[68,69]]

Most probable result: (TODO)

ACSH_HISTORY_CLASS: 0x2E4 (73) test/test-data/example_2010.dxf:
0100100001010001110101000000010001100000100000011001100100000001011100011

[hdloff, strsize, commonsize, bitsize, hdlsize]=[43,0,29,7,40]
H330 12.1.3: 1100000100000011 fixed = [34,49]
BL90 33: 0100100001 fixed = [1,10]
BL91 29: 0100011101 fixed = [11,20]
H360 8.0.0: 10000000 2 positions
BL92 1: 0100000001 2 positions
BS280 0: 10 15 positions
BS281 0: 10 15 positions

fixed = [[1,10],[11,20],[34,49]]
sortd = [[1,10],[11,20],[34,49]]

Definite result: 36/73	example_2010.dxf
----------------
FIELD_BL ([], 90);	// 33 [1,10]
FIELD_BL ([], 91);	// 29 [11,20]
HOLE([21,33],0100000001000) len = 13
FIELD_H (ownerhandle, 330);	// 12.1.3 [34,49]
HOLE([50,73],001100100000001011100011) len = 24
----------------
Todo: 22 + 36 = 58, Missing: 15
FIELD_H ([], 360);	// 8.0.0 10000000 [[22,29],[56,63]]
FIELD_BL ([], 92);	// 1 0100000001 [[21,30],[55,64]]
FIELD_BS ([], 280);	// 0 10 [[22,23],[30,31],[53,54],[56,57],[64,65],[68,69]]
FIELD_BS ([], 281);	// 0 10 [[22,23],[30,31],[53,54],[56,57],[64,65],[68,69]]

Most probable result: (TODO)

ACSH_HISTORY_CLASS: 0x2E4 (80) test/test-data/example_2013.dxf:
01001000010100011101010000000100011000001000000110011001000000010111000111111111

[hdloff, strsize, commonsize, bitsize, hdlsize]=[43,0,30,7,47]
H330 12.1.3: 1100000100000011 fixed = [34,49]
BL90 33: 0100100001 fixed = [1,10]
BL91 29: 0100011101 fixed = [11,20]
H360 3.2.2E3: 001100100000001011100011 fixed = [50,73]
BL92 1: 0100000001 2 positions
BS280 0: 10 15 positions
BS281 0: 10 15 positions

fixed = [[1,10],[11,20],[34,49],[50,73]]
sortd = [[1,10],[11,20],[34,49],[50,73]]

Definite result: 60/80	example_2013.dxf
----------------
FIELD_BL ([], 90);	// 33 [1,10]
FIELD_BL ([], 91);	// 29 [11,20]
HOLE([21,33],0100000001000) len = 13
FIELD_H (ownerhandle, 330);	// 12.1.3 [34,49]
FIELD_H ([], 360);	// 3.2.2E3 [50,73]
HOLE([74,80],1111111) len = 7
----------------
Todo: 4 + 60 = 64, Missing: 16
FIELD_BS ([], 280);	// 0 10 [[22,23],[30,31]]
FIELD_BS ([], 281);	// 0 10 [[22,23],[30,31]]

Most probable result: (TODO)

ACSH_HISTORY_CLASS: 0x216C (72) test/test-data/2013/JW.dxf:
010001111101011111010100000001000100000000011001000100001011011011111111

[hdloff, strsize, commonsize, bitsize, hdlsize]=[43,0,30,7,39]
H330 8.0.0: 10000000 2 positions
H360 3.2.216D: 001100100010000101101101 fixed = [42,65]
BL92 1: 0100000001 fixed = [21,30]
BS280 0: 10 14 positions
BS281 0: 10 14 positions

fixed = [[21,30],[42,65]]
sortd = [[21,30],[34,41],[42,65]]

Definite result: 42/72	2013/JW.dxf
----------------
HOLE([1,20],01000111110101111101) len = 20
FIELD_BL ([], 92);	// 1 [21,30]
HOLE([31,33],000) len = 3
FIELD_H (ownerhandle, 330);	// 8.0.0 [34,41]
FIELD_H ([], 360);	// 3.2.216D [42,65]
HOLE([66,72],1111111) len = 7
----------------
Todo: 4 + 42 = 46, Missing: 26
FIELD_BS ([], 280);	// 0 10 [[2,3],[10,11],[12,13],[18,19],[20,21],[34,35]]
FIELD_BS ([], 281);	// 0 10 [[2,3],[10,11],[12,13],[18,19],[20,21],[34,35]]

Most probable result: (TODO)

ACSH_HISTORY_CLASS: 0x216A (80) test/test-data/2013/JW.dxf:
01000111110101111101010000000100011000001000000110011001000100001011010011111111

[hdloff, strsize, commonsize, bitsize, hdlsize]=[43,0,30,7,47]
H330 12.1.3: 1100000100000011 fixed = [34,49]
H360 3.2.2169: 001100100010000101101001 fixed = [50,73]
BL92 1: 0100000001 fixed = [21,30]
BS280 0: 10 16 positions
BS281 0: 10 16 positions

fixed = [[21,30],[34,49],[50,73]]
sortd = [[21,30],[34,49],[50,73]]

Definite result: 50/80	2013/JW.dxf
----------------
HOLE([1,20],01000111110101111101) len = 20
FIELD_BL ([], 92);	// 1 [21,30]
HOLE([31,33],000) len = 3
FIELD_H (ownerhandle, 330);	// 12.1.3 [34,49]
FIELD_H ([], 360);	// 3.2.2169 [50,73]
HOLE([74,80],1111111) len = 7
----------------
Todo: 4 + 50 = 54, Missing: 26
FIELD_BS ([], 280);	// 0 10 [[2,3],[10,11],[12,13],[18,19],[20,21]]
FIELD_BS ([], 281);	// 0 10 [[2,3],[10,11],[12,13],[18,19],[20,21]]

Most probable result: (TODO)

ACSH_HISTORY_CLASS: 0x2172 (80) test/test-data/2013/JW.dxf:
01000111110101111101010000000100011000001000000110011001000100001011100011111111

[hdloff, strsize, commonsize, bitsize, hdlsize]=[43,0,30,7,47]
H330 12.1.3: 1100000100000011 fixed = [34,49]
H360 3.2.2171: 001100100010000101110001 fixed = [50,73]
BL92 1: 0100000001 fixed = [21,30]
BS280 0: 10 15 positions
BS281 0: 10 15 positions

fixed = [[21,30],[34,49],[50,73]]
sortd = [[21,30],[34,49],[50,73]]

Definite result: 50/80	2013/JW.dxf
----------------
HOLE([1,20],01000111110101111101) len = 20
FIELD_BL ([], 92);	// 1 [21,30]
HOLE([31,33],000) len = 3
FIELD_H (ownerhandle, 330);	// 12.1.3 [34,49]
FIELD_H ([], 360);	// 3.2.2171 [50,73]
HOLE([74,80],1111111) len = 7
----------------
Todo: 4 + 50 = 54, Missing: 26
FIELD_BS ([], 280);	// 0 10 [[2,3],[10,11],[12,13],[18,19],[20,21]]
FIELD_BS ([], 281);	// 0 10 [[2,3],[10,11],[12,13],[18,19],[20,21]]

Most probable result: (TODO)

ACSH_HISTORY_CLASS: 0x2176 (80) test/test-data/2013/JW.dxf:
01000111110101111101010000000100011000001000000110011001000100001011101011111111

[hdloff, strsize, commonsize, bitsize, hdlsize]=[43,0,30,7,47]
H330 12.1.3: 1100000100000011 fixed = [34,49]
H360 3.2.2175: 001100100010000101110101 fixed = [50,73]
BL92 1: 0100000001 fixed = [21,30]
BS280 0: 10 16 positions
BS281 0: 10 16 positions

fixed = [[21,30],[34,49],[50,73]]
sortd = [[21,30],[34,49],[50,73]]

Definite result: 50/80	2013/JW.dxf
----------------
HOLE([1,20],01000111110101111101) len = 20
FIELD_BL ([], 92);	// 1 [21,30]
HOLE([31,33],000) len = 3
FIELD_H (ownerhandle, 330);	// 12.1.3 [34,49]
FIELD_H ([], 360);	// 3.2.2175 [50,73]
HOLE([74,80],1111111) len = 7
----------------
Todo: 4 + 50 = 54, Missing: 26
FIELD_BS ([], 280);	// 0 10 [[2,3],[10,11],[12,13],[18,19],[20,21]]
FIELD_BS ([], 281);	// 0 10 [[2,3],[10,11],[12,13],[18,19],[20,21]]

Most probable result: (TODO)

ACSH_HISTORY_CLASS: 0x21D5 (80) test/test-data/2013/JW.dxf:
01000111110101111101010000000100011000001000000110011001000100001110101001111111

[hdloff, strsize, commonsize, bitsize, hdlsize]=[43,0,30,7,47]
H330 12.1.3: 1100000100000011 fixed = [34,49]
H360 3.2.21D4: 001100100010000111010100 fixed = [50,73]
BL92 1: 0100000001 fixed = [21,30]
BS280 0: 10 16 positions
BS281 0: 10 16 positions

fixed = [[21,30],[34,49],[50,73]]
sortd = [[21,30],[34,49],[50,73]]

Definite result: 50/80	2013/JW.dxf
----------------
HOLE([1,20],01000111110101111101) len = 20
FIELD_BL ([], 92);	// 1 [21,30]
HOLE([31,33],000) len = 3
FIELD_H (ownerhandle, 330);	// 12.1.3 [34,49]
FIELD_H ([], 360);	// 3.2.21D4 [50,73]
HOLE([74,80],1111111) len = 7
----------------
Todo: 4 + 50 = 54, Missing: 26
FIELD_BS ([], 280);	// 0 10 [[2,3],[10,11],[12,13],[18,19],[20,21]]
FIELD_BS ([], 281);	// 0 10 [[2,3],[10,11],[12,13],[18,19],[20,21]]

Most probable result: (TODO)

ACSH_HISTORY_CLASS: 0x22C9 (80) test/test-data/2013/JW.dxf:
01000111110101111101010000000100011000001000000110011001000100010110010001111111

[hdloff, strsize, commonsize, bitsize, hdlsize]=[43,0,30,7,47]
H330 12.1.3: 1100000100000011 fixed = [34,49]
H360 3.2.22C8: 001100100010001011001000 fixed = [50,73]
BL92 1: 0100000001 fixed = [21,30]
BS280 0: 10 16 positions
BS281 0: 10 16 positions

fixed = [[21,30],[34,49],[50,73]]
sortd = [[21,30],[34,49],[50,73]]

Definite result: 50/80	2013/JW.dxf
----------------
HOLE([1,20],01000111110101111101) len = 20
FIELD_BL ([], 92);	// 1 [21,30]
HOLE([31,33],000) len = 3
FIELD_H (ownerhandle, 330);	// 12.1.3 [34,49]
FIELD_H ([], 360);	// 3.2.22C8 [50,73]
HOLE([74,80],1111111) len = 7
----------------
Todo: 4 + 50 = 54, Missing: 26
FIELD_BS ([], 280);	// 0 10 [[2,3],[10,11],[12,13],[18,19],[20,21]]
FIELD_BS ([], 281);	// 0 10 [[2,3],[10,11],[12,13],[18,19],[20,21]]

Most probable result: (TODO)

ACSH_HISTORY_CLASS: 0x22CE (80) test/test-data/2013/JW.dxf:
01000111110101111101010000000100011000001000000110011001000100010110011011111111

[hdloff, strsize, commonsize, bitsize, hdlsize]=[43,0,30,7,47]
H330 12.1.3: 1100000100000011 fixed = [34,49]
H360 3.2.22CD: 001100100010001011001101 fixed = [50,73]
BL92 1: 0100000001 fixed = [21,30]
BS280 0: 10 16 positions
BS281 0: 10 16 positions

fixed = [[21,30],[34,49],[50,73]]
sortd = [[21,30],[34,49],[50,73]]

Definite result: 50/80	2013/JW.dxf
----------------
HOLE([1,20],01000111110101111101) len = 20
FIELD_BL ([], 92);	// 1 [21,30]
HOLE([31,33],000) len = 3
FIELD_H (ownerhandle, 330);	// 12.1.3 [34,49]
FIELD_H ([], 360);	// 3.2.22CD [50,73]
HOLE([74,80],1111111) len = 7
----------------
Todo: 4 + 50 = 54, Missing: 26
FIELD_BS ([], 280);	// 0 10 [[2,3],[10,11],[12,13],[18,19],[20,21]]
FIELD_BS ([], 281);	// 0 10 [[2,3],[10,11],[12,13],[18,19],[20,21]]

Most probable result: (TODO)

ACSH_HISTORY_CLASS: 0x3108 (80) test/test-data/2013/JW.dxf:
01000111110101111101010000000100011000001000000110011001000110001000001111111111

[hdloff, strsize, commonsize, bitsize, hdlsize]=[43,0,30,7,47]
H330 12.1.3: 1100000100000011 fixed = [34,49]
H360 3.2.3107: 001100100011000100000111 fixed = [50,73]
BL92 1: 0100000001 fixed = [21,30]
BS280 0: 10 14 positions
BS281 0: 10 14 positions

fixed = [[21,30],[34,49],[50,73]]
sortd = [[21,30],[34,49],[50,73]]

Definite result: 50/80	2013/JW.dxf
----------------
HOLE([1,20],01000111110101111101) len = 20
FIELD_BL ([], 92);	// 1 [21,30]
HOLE([31,33],000) len = 3
FIELD_H (ownerhandle, 330);	// 12.1.3 [34,49]
FIELD_H ([], 360);	// 3.2.3107 [50,73]
HOLE([74,80],1111111) len = 7
----------------
Todo: 4 + 50 = 54, Missing: 26
FIELD_BS ([], 280);	// 0 10 [[2,3],[10,11],[12,13],[18,19],[20,21]]
FIELD_BS ([], 281);	// 0 10 [[2,3],[10,11],[12,13],[18,19],[20,21]]

Most probable result: (TODO)

ACSH_HISTORY_CLASS: 0x20AD (64) test/test-data/2013/JW.dxf:
0100011111010111110110000100000000011001000100000101011101111111

[hdloff, strsize, commonsize, bitsize, hdlsize]=[35,0,30,6,39]
H330 8.0.0: 10000000 fixed = [26,33]
H360 3.2.20AE: 001100100010000010101110 fixed = [34,57]
BL92 0: 10 12 positions
BS280 0: 10 12 positions
BS281 0: 10 12 positions

fixed = [[26,33],[34,57]]
sortd = [[26,33],[34,57]]

Definite result: 32/64	2013/JW.dxf
----------------
HOLE([1,25],0100011111010111110110000) len = 25
FIELD_H (ownerhandle, 330);	// 8.0.0 [26,33]
FIELD_H ([], 360);	// 3.2.20AE [34,57]
HOLE([58,64],1111111) len = 7
----------------
Todo: 6 + 32 = 38, Missing: 26
FIELD_BL ([], 92);	// 0 10 [[2,3],[10,11],[12,13],[18,19],[21,22]]
FIELD_BS ([], 280);	// 0 10 [[2,3],[10,11],[12,13],[18,19],[21,22]]
FIELD_BS ([], 281);	// 0 10 [[2,3],[10,11],[12,13],[18,19],[21,22]]

Most probable result: (TODO)

ACSH_HISTORY_CLASS: 0x20C2 (64) test/test-data/2013/JW.dxf:
0100011111010111110110000100000000011001000100000110000111111111

[hdloff, strsize, commonsize, bitsize, hdlsize]=[35,0,30,6,39]
H330 8.0.0: 10000000 fixed = [26,33]
H360 3.2.20C3: 001100100010000011000011 fixed = [34,57]
BL92 0: 10 10 positions
BS280 0: 10 10 positions
BS281 0: 10 10 positions

fixed = [[26,33],[34,57]]
sortd = [[26,33],[34,57]]

Definite result: 32/64	2013/JW.dxf
----------------
HOLE([1,25],0100011111010111110110000) len = 25
FIELD_H (ownerhandle, 330);	// 8.0.0 [26,33]
FIELD_H ([], 360);	// 3.2.20C3 [34,57]
HOLE([58,64],1111111) len = 7
----------------
Todo: 6 + 32 = 38, Missing: 26
FIELD_BL ([], 92);	// 0 10 [[2,3],[10,11],[12,13],[18,19],[21,22]]
FIELD_BS ([], 280);	// 0 10 [[2,3],[10,11],[12,13],[18,19],[21,22]]
FIELD_BS ([], 281);	// 0 10 [[2,3],[10,11],[12,13],[18,19],[21,22]]

Most probable result: (TODO)

ACSH_HISTORY_CLASS: 0x21D7 (64) test/test-data/2013/JW.dxf:
0100011111010111110110000100000000011001000100001110110001111111

[hdloff, strsize, commonsize, bitsize, hdlsize]=[35,0,30,6,39]
H330 8.0.0: 10000000 fixed = [26,33]
H360 3.2.21D8: 001100100010000111011000 fixed = [34,57]
BL92 0: 10 11 positions
BS280 0: 10 11 positions
BS281 0: 10 11 positions

fixed = [[26,33],[34,57]]
sortd = [[26,33],[34,57]]

Definite result: 32/64	2013/JW.dxf
----------------
HOLE([1,25],0100011111010111110110000) len = 25
FIELD_H (ownerhandle, 330);	// 8.0.0 [26,33]
FIELD_H ([], 360);	// 3.2.21D8 [34,57]
HOLE([58,64],1111111) len = 7
----------------
Todo: 6 + 32 = 38, Missing: 26
FIELD_BL ([], 92);	// 0 10 [[2,3],[10,11],[12,13],[18,19],[21,22]]
FIELD_BS ([], 280);	// 0 10 [[2,3],[10,11],[12,13],[18,19],[21,22]]
FIELD_BS ([], 281);	// 0 10 [[2,3],[10,11],[12,13],[18,19],[21,22]]

Most probable result: (TODO)

ACSH_HISTORY_CLASS: 0x2097 (72) test/test-data/2013/JW.dxf:
010001111101011111011000011000001000000110011001000100000100101101111111

[hdloff, strsize, commonsize, bitsize, hdlsize]=[35,0,30,6,47]
H330 12.1.3: 1100000100000011 fixed = [26,41]
H360 3.2.2096: 001100100010000010010110 fixed = [42,65]
BL92 0: 10 14 positions
BS280 0: 10 14 positions
BS281 0: 10 14 positions

fixed = [[26,41],[42,65]]
sortd = [[26,41],[42,65]]

Definite result: 40/72	2013/JW.dxf
----------------
HOLE([1,25],0100011111010111110110000) len = 25
FIELD_H (ownerhandle, 330);	// 12.1.3 [26,41]
FIELD_H ([], 360);	// 3.2.2096 [42,65]
HOLE([66,72],1111111) len = 7
----------------
Todo: 6 + 40 = 46, Missing: 26
FIELD_BL ([], 92);	// 0 10 [[2,3],[10,11],[12,13],[18,19],[21,22]]
FIELD_BS ([], 280);	// 0 10 [[2,3],[10,11],[12,13],[18,19],[21,22]]
FIELD_BS ([], 281);	// 0 10 [[2,3],[10,11],[12,13],[18,19],[21,22]]

Most probable result: (TODO)

