ACSH_BOX_CLASS: 0x2174 (680) test/test-data/2013/JW.dxf:
00111111111111111111111111111111110100011111010111110100111100011101100001000000010100011111010111110100000000000000000000000000000000000000000000000000111100001011111110100000110101100000011111111110110111011111111000001111100111010000001001100010100110010001000000011010110001111101011101110011111000110000001010000000000000000000000000000000000000000000000000001111000010111111101010100110000000010100000000000000001100001100000000100100011111010111110100010000001011101011111111111111111111111101001011100101000100000000000000001100000011101110111111111111111111111111001100110100000000000000000000000000000000000000000000000001000000011110100100000000110000001010001000100011

[hdloff, strsize, commonsize, bitsize, hdlsize]=[665,0,30,69,25]
H330 6.0.0: 01100000 6 positions
BL90 1: 0100000001 3 positions
BD40 -1.0: 000000000000000000000000000000000000000000000000001111000010111111 2 positions
BD41 0.0: 10 92 positions
BD42 0.0: 10 92 positions
BD43 48155.99121070133: 000011010110000001111111111011011101111111100000111110011101000000 fixed = [173,238]
BD44 0.0: 10 92 positions
BD45 1.0: 01 93 positions
BD46 0.0: 10 92 positions
BD47 -101839.3557188684: 001010011001000100000001101011000111110101110111001111100011000000 fixed = [245,310]
BD48 0.0: 10 92 positions
BD49 0.0: 10 92 positions
BD50 -57.29577951308232: 000000000000000000000000000000000000000000000000001111000010111111 2 positions
distribute positions: BD40 BD50 
BD51 0.0: 10 92 positions
BD52 0.0: 10 92 positions
BD53 0.0: 10 92 positions
BD54 0.0: 10 92 positions
BD55 57.29577951308232: 01 93 positions
BL92 0: 10 92 positions
H347 5.1.11: 0101000100010001 fixed = [664,679]
BD40 1298.99999999594: 000100000010111010111111111111111111111111010010111001010001000000 fixed = [457,522]
BD41 19.99999999598367: 000000000011000000111011101111111111111111111111110011001101000000 fixed = [523,588]
BD42 420.0: 000000000000000000000000000000000000000000010000000111101001000000 fixed = [589,654]

fixed = [[103,168],[173,238],[245,310],[315,380],[457,522],[523,588],[589,654],[664,679]]
sortd = [[73,82],[103,168],[173,238],[245,310],[315,380],[457,522],[523,588],[589,654],[664,679]]

Definite result: 488/680	2013/JW.dxf
----------------
HOLE([1,72],001111111111111111111111111111111101000111110101111101001111000111011000) len = 72
FIELD_BL (class_version, 90);	// 1 [73,82]
HOLE([83,102],01000111110101111101) len = 20
FIELD_BD (shhn_pts, 40);	// -1.0 [103,168]
HOLE([169,172],1010) len = 4
FIELD_BD ([], 43);	// 48155.99121070133 [173,238]
HOLE([239,244],100110) len = 6
FIELD_BD ([], 47);	// -101839.3557188684 [245,310]
HOLE([311,314],1010) len = 4
FIELD_BD ([], 50);	// -57.29577951308232 [315,380]
HOLE([381,456],1010101001100000000101000000000000000011000011000000001001000111110101111101) len = 76
FIELD_BD (shb_bd40, 40);	// 1298.99999999594 [457,522]
FIELD_BD ([], 41);	// 19.99999999598367 [523,588]
FIELD_BD ([], 42);	// 420.0 [589,654]
HOLE([655,663],001100000) len = 9
FIELD_H (shhn_bl347, 347);	// 5.1.11 [664,679]
HOLE([680,680],1) len = 1
----------------
Todo: 34 + 488 = 522, Missing: 158
FIELD_H (ownerhandle, 330);	// 6.0.0 01100000 [[389,396],[424,431],[656,663]]
FIELD_BD (shb_bd41, 41);	// 0.0 10 [[34,35],[36,37],[44,45],[46,47],[52,53],[54,55],[60,61],[66,67],[69,70],[74,75]]...)
FIELD_BD (shb_bd42, 42);	// 0.0 10 [[34,35],[36,37],[44,45],[46,47],[52,53],[54,55],[60,61],[66,67],[69,70],[74,75]]...)
FIELD_BD ([], 44);	// 0.0 10 [[34,35],[36,37],[44,45],[46,47],[52,53],[54,55],[60,61],[66,67],[69,70],[74,75]]...)
FIELD_BD ([], 45);	// 1.0 01 [[2,3],[35,36],[39,40],[45,46],[47,48],[53,54],[56,57],[63,64],[67,68],[73,74]]...)
FIELD_BD ([], 46);	// 0.0 10 [[34,35],[36,37],[44,45],[46,47],[52,53],[54,55],[60,61],[66,67],[69,70],[74,75]]...)
FIELD_BD ([], 48);	// 0.0 10 [[34,35],[36,37],[44,45],[46,47],[52,53],[54,55],[60,61],[66,67],[69,70],[74,75]]...)
FIELD_BD ([], 49);	// 0.0 10 [[34,35],[36,37],[44,45],[46,47],[52,53],[54,55],[60,61],[66,67],[69,70],[74,75]]...)
FIELD_BD ([], 51);	// 0.0 10 [[34,35],[36,37],[44,45],[46,47],[52,53],[54,55],[60,61],[66,67],[69,70],[74,75]]...)
FIELD_BD ([], 52);	// 0.0 10 [[34,35],[36,37],[44,45],[46,47],[52,53],[54,55],[60,61],[66,67],[69,70],[74,75]]...)
FIELD_BD ([], 53);	// 0.0 10 [[34,35],[36,37],[44,45],[46,47],[52,53],[54,55],[60,61],[66,67],[69,70],[74,75]]...)
FIELD_BD ([], 54);	// 0.0 10 [[34,35],[36,37],[44,45],[46,47],[52,53],[54,55],[60,61],[66,67],[69,70],[74,75]]...)
FIELD_BD ([], 55);	// 57.29577951308232 01 [[2,3],[35,36],[39,40],[45,46],[47,48],[53,54],[56,57],[63,64],[67,68],[73,74]]...)
FIELD_BL (shhn_b92, 92);	// 0 10 [[34,35],[36,37],[44,45],[46,47],[52,53],[54,55],[60,61],[66,67],[69,70],[74,75]]...)

Most probable result: (TODO)

ACSH_BOX_CLASS: 0x2170 (744) test/test-data/2013/JW.dxf:
001111111111111111111111111111111101000111110101111101001111000111011000010000000101000111110101111101000000000000000000000000000000000000000000000000001111000010111111101000010011001000001011111111101101110111111110000011111001110100000010000000000000000000000000000000000000000000000000001111000010111111100011101100010001000000011010110001001101010011001111111001110000001010000000000000000000000000000000000000000000000000001111000010111111101010100110000000010100000000000000001100001100000000100100011111010111110100100000000111010011111111111111111111111101001011100101000100000000000000001001000000001000000000000000000000000000001101000100000000000000000000000000000000000000000000000001000000011110100100000000110000001010001000100011

[hdloff, strsize, commonsize, bitsize, hdlsize]=[729,0,30,75,25]
H330 6.0.0: 01100000 3 positions
BL90 1: 0100000001 3 positions
BD40 -1.0: 000000000000000000000000000000000000000000000000001111000010111111 3 positions
BD41 0.0: 10 93 positions
BD42 0.0: 10 93 positions
BD43 48155.99121070336: 000100110010000010111111111011011101111111100000111110011101000000 fixed = [173,238]
BD44 0.0: 10 93 positions
BD45 -1.0: 000000000000000000000000000000000000000000000000001111000010111111 3 positions
BD46 0.0: 10 93 positions
BD48 0.0: 10 93 positions
BD49 0.0: 10 93 positions
BD50 -57.29577951308232: 000000000000000000000000000000000000000000000000001111000010111111 3 positions
distribute positions: BD40 BD45 BD50 
BD51 0.0: 10 93 positions
BD52 0.0: 10 93 positions
BD53 0.0: 10 93 positions
BD54 0.0: 10 93 positions
BD55 57.29577951308232: 01 94 positions
BL92 0: 10 93 positions
H347 5.1.11: 0101000100010001 fixed = [728,743]
BD40 1298.99999999188: 001000000001110100111111111111111111111111010010111001010001000000 fixed = [521,586]
BD42 420.0: 000000000000000000000000000000000000000000010000000111101001000000 fixed = [653,718]

fixed = [[103,168],[173,238],[241,306],[379,444],[521,586],[653,718],[728,743]]
sortd = [[103,168],[173,238],[241,306],[379,444],[521,586],[653,718],[728,743]]

Definite result: 412/744	2013/JW.dxf
----------------
HOLE([1,102],001111111111111111111111111111111101000111110101111101001111000111011000010000000101000111110101111101) len = 102
FIELD_BD (shhn_pts, 40);	// -1.0 [103,168]
HOLE([169,172],1010) len = 4
FIELD_BD ([], 43);	// 48155.99121070336 [173,238]
HOLE([239,240],10) len = 2
FIELD_BD ([], 45);	// -1.0 [241,306]
HOLE([307,378],100011101100010001000000011010110001001101010011001111111001110000001010) len = 72
FIELD_BD ([], 50);	// -57.29577951308232 [379,444]
HOLE([445,520],1010101001100000000101000000000000000011000011000000001001000111110101111101) len = 76
FIELD_BD (shb_bd40, 40);	// 1298.99999999188 [521,586]
HOLE([587,652],000000000010010000000010000000000000000000000000000011010001000000) len = 66
FIELD_BD ([], 42);	// 420.0 [653,718]
HOLE([719,727],001100000) len = 9
FIELD_H (shhn_bl347, 347);	// 5.1.11 [728,743]
HOLE([744,744],1) len = 1
----------------
Todo: 42 + 412 = 454, Missing: 290
FIELD_H (ownerhandle, 330);	// 6.0.0 01100000 [[453,460],[488,495],[720,727]]
FIELD_BL (class_version, 90);	// 1 0100000001 [[73,82],[323,332]]
FIELD_BD (shb_bd41, 41);	// 0.0 10 [[34,35],[36,37],[44,45],[46,47],[52,53],[54,55],[60,61],[66,67],[69,70],[74,75]]...)
FIELD_BD (shb_bd42, 42);	// 0.0 10 [[34,35],[36,37],[44,45],[46,47],[52,53],[54,55],[60,61],[66,67],[69,70],[74,75]]...)
FIELD_BD ([], 44);	// 0.0 10 [[34,35],[36,37],[44,45],[46,47],[52,53],[54,55],[60,61],[66,67],[69,70],[74,75]]...)
FIELD_BD ([], 46);	// 0.0 10 [[34,35],[36,37],[44,45],[46,47],[52,53],[54,55],[60,61],[66,67],[69,70],[74,75]]...)
FIELD_BD ([], 48);	// 0.0 10 [[34,35],[36,37],[44,45],[46,47],[52,53],[54,55],[60,61],[66,67],[69,70],[74,75]]...)
FIELD_BD ([], 49);	// 0.0 10 [[34,35],[36,37],[44,45],[46,47],[52,53],[54,55],[60,61],[66,67],[69,70],[74,75]]...)
FIELD_BD ([], 51);	// 0.0 10 [[34,35],[36,37],[44,45],[46,47],[52,53],[54,55],[60,61],[66,67],[69,70],[74,75]]...)
FIELD_BD ([], 52);	// 0.0 10 [[34,35],[36,37],[44,45],[46,47],[52,53],[54,55],[60,61],[66,67],[69,70],[74,75]]...)
FIELD_BD ([], 53);	// 0.0 10 [[34,35],[36,37],[44,45],[46,47],[52,53],[54,55],[60,61],[66,67],[69,70],[74,75]]...)
FIELD_BD ([], 54);	// 0.0 10 [[34,35],[36,37],[44,45],[46,47],[52,53],[54,55],[60,61],[66,67],[69,70],[74,75]]...)
FIELD_BD ([], 55);	// 57.29577951308232 01 [[2,3],[35,36],[39,40],[45,46],[47,48],[53,54],[56,57],[63,64],[67,68],[73,74]]...)
FIELD_BL (shhn_b92, 92);	// 0 10 [[34,35],[36,37],[44,45],[46,47],[52,53],[54,55],[60,61],[66,67],[69,70],[74,75]]...)

Most probable result: (TODO)

